Target Part: A3PE1500_PQFP208_-1
Report for cell tristate_buff_led.verilog
  Core Cell usage:
              cell count     area count*area
               GND     1      0.0        0.0
               INV     1      1.0        1.0
               VCC     1      0.0        0.0


                   -----          ----------
             TOTAL     3                 1.0


  IO Cell usage:
              cell count
             INBUF     3
            OUTBUF     1
   TRIBUFF_LVCMOS33     1
                   -----
             TOTAL     5


Core Cells         : 1 of 38400 (0%)
IO Cells           : 5

  RAM/ROM Usage Summary
Block Rams : 0 of 60 (0%)

